<?xml version="1.0" encoding="UTF-8"?>
<!-- Generated by org.testng.reporters.JUnitReportReporter -->
<testsuite hostname="DESKTOP-S9COC0S" failures="0" tests="2" name="practice.test.DemoTest" time="20.117" errors="0" timestamp="2024-12-07T13:46:27 IST" skipped="0">
  <testcase classname="practice.test.DemoTest" name="m1" time="10.050"/>
  <system-out/>
  <testcase classname="practice.test.DemoTest" name="m1" time="10.067"/>
  <system-out/>
</testsuite> <!-- practice.test.DemoTest -->
