<?xml version="1.0" encoding="UTF-8"?>
<!-- Generated by org.testng.reporters.JUnitReportReporter -->
<testsuite hostname="DESKTOP-S9COC0S" failures="0" tests="4" name="com.crm.comcast.OrgTest.CreateOrgTest" time="40.376" errors="0" timestamp="2024-12-11T10:09:31 IST" skipped="0">
  <testcase classname="com.crm.comcast.OrgTest.CreateOrgTest" name="createOrgPhoneNumber" time="11.290"/>
  <system-out/>
  <testcase classname="com.crm.comcast.OrgTest.CreateOrgTest" name="createOrgWithMobileNumber" time="9.454"/>
  <system-out/>
  <testcase classname="com.crm.comcast.OrgTest.CreateOrgTest" name="createOrgWithIndustris" time="8.637"/>
  <system-out/>
  <testcase classname="com.crm.comcast.OrgTest.CreateOrgTest" name="createOrgTest" time="10.995"/>
  <system-out/>
</testsuite> <!-- com.crm.comcast.OrgTest.CreateOrgTest -->
