<?xml version="1.0" encoding="UTF-8"?>
<!-- Generated by org.testng.reporters.JUnitReportReporter -->
<testsuite hostname="DESKTOP-S9COC0S" failures="0" tests="5" name="com.crm.comcast.CreateContactTest.createContactTest" time="55.870" errors="0" timestamp="2024-12-11T10:45:38 IST" skipped="0">
  <testcase classname="com.crm.comcast.CreateContactTest.createContactTest" name="createContactTest" time="9.121"/>
  <system-out/>
  <testcase classname="com.crm.comcast.CreateContactTest.createContactTest" name="createContactWithSupportDate" time="8.660"/>
  <system-out/>
  <testcase classname="com.crm.comcast.CreateContactTest.createContactTest" name="createContactWithTitle" time="8.525"/>
  <system-out/>
  <testcase classname="com.crm.comcast.CreateContactTest.createContactTest" name="createContactWithOrg" time="20.448"/>
  <system-out/>
  <testcase classname="com.crm.comcast.CreateContactTest.createContactTest" name="createContactwithDepart" time="9.116"/>
  <system-out/>
</testsuite> <!-- com.crm.comcast.CreateContactTest.createContactTest -->
