<?xml version="1.0" encoding="UTF-8"?>
<!-- Generated by org.testng.reporters.JUnitReportReporter -->
<testsuite hostname="DESKTOP-S9COC0S" failures="0" tests="1" name="practice.testNG.DebugPractice" time="24.555" errors="0" timestamp="2024-12-11T22:22:44 IST" skipped="0">
  <testcase classname="practice.testNG.DebugPractice" name="createContactTest" time="24.555"/>
  <system-out/>
</testsuite> <!-- practice.testNG.DebugPractice -->
